This is pdfTeX, Version 3.14159265-2.6-1.40.20 (TeX Live 2019) (preloaded format=pdflatex 2019.5.19)  25 OCT 2019 12:37
entering extended mode
 restricted \write18 enabled.
 file:line:error style messages enabled.
 %&-line parsing enabled.
**p1.tex
(./p1.tex
LaTeX2e <2018-12-01>
./p1.tex:2: Undefined control sequence.
l.2 \problem
            {1: Maximum Length Chain of Subwords} % {10+10+10+20=50}
? 
./p1.tex:2: Emergency stop.
l.2 \problem
            {1: Maximum Length Chain of Subwords} % {10+10+10+20=50}
End of file on the terminal!

 
Here is how much of TeX's memory you used:
 5 strings out of 492616
 107 string characters out of 6129481
 57124 words of memory out of 5000000
 4025 multiletter control sequences out of 15000+600000
 3640 words of font info for 14 fonts, out of 8000000 for 9000
 1141 hyphenation exceptions out of 8191
 5i,0n,1p,73b,8s stack positions out of 5000i,500n,10000p,200000b,80000s
./p1.tex:2:  ==> Fatal error occurred, no output PDF file produced!
